[ 2013-05-02T15:48:14+08:00 ] /admin.php/Login/index | INFO: Tag[ route_check ] --START--
[ 2013-05-02T15:48:14+08:00 ] /admin.php/Login/index | INFO: Run CheckRoute Behavior [ RunTime:0.000977s ]
[ 2013-05-02T15:48:14+08:00 ] /admin.php/Login/index | INFO: Tag[ route_check ] --END-- [ RunTime:0.001149s ]
[ 2013-05-02T15:48:14+08:00 ] /admin.php/Login/index | INFO: Tag[ app_begin ] --START--
[ 2013-05-02T15:48:14+08:00 ] /admin.php/Login/index | INFO: Run ReadHtmlCache Behavior [ RunTime:0.001070s ]
[ 2013-05-02T15:48:14+08:00 ] /admin.php/Login/index | INFO: Tag[ app_begin ] --END-- [ RunTime:0.001205s ]
[ 2013-05-02T15:48:14+08:00 ] /admin.php/Login/index | INFO: Tag[ view_template ] --START--
[ 2013-05-02T15:48:14+08:00 ] /admin.php/Login/index | INFO: Run LocationTemplate Behavior [ RunTime:0.000688s ]
[ 2013-05-02T15:48:14+08:00 ] /admin.php/Login/index | INFO: Tag[ view_template ] --END-- [ RunTime:0.000848s ]
[ 2013-05-02T15:48:14+08:00 ] /admin.php/Login/index | INFO: Tag[ view_parse ] --START--
[ 2013-05-02T15:48:14+08:00 ] /admin.php/Login/index | INFO: Run ParseTemplate Behavior [ RunTime:0.010630s ]
[ 2013-05-02T15:48:14+08:00 ] /admin.php/Login/index | INFO: Tag[ view_parse ] --END-- [ RunTime:0.010845s ]
[ 2013-05-02T15:48:14+08:00 ] /admin.php/Login/index | INFO: Tag[ view_filter ] --START--
[ 2013-05-02T15:48:14+08:00 ] /admin.php/Login/index | INFO: Run ContentReplace Behavior [ RunTime:0.000671s ]
[ 2013-05-02T15:48:14+08:00 ] /admin.php/Login/index | INFO: Run TokenBuild Behavior [ RunTime:0.001446s ]
[ 2013-05-02T15:48:14+08:00 ] /admin.php/Login/index | INFO: Run WriteHtmlCache Behavior [ RunTime:0.000422s ]
[ 2013-05-02T15:48:14+08:00 ] /admin.php/Login/index | INFO: Run ShowRuntime Behavior [ RunTime:0.000868s ]
[ 2013-05-02T15:48:14+08:00 ] /admin.php/Login/index | INFO: Tag[ view_filter ] --END-- [ RunTime:0.003898s ]
[ 2013-05-02T15:48:14+08:00 ] /admin.php/Login/index | INFO: Tag[ view_end ] --START--
[ 2013-05-02T15:48:14+08:00 ] /admin.php/Login/index | INFO: Run ShowPageTrace Behavior [ RunTime:0.000603s ]
[ 2013-05-02T15:48:14+08:00 ] /admin.php/Login/index | INFO: Tag[ view_end ] --END-- [ RunTime:0.000736s ]
[ 2013-05-02T15:48:14+08:00 ] /admin.php/Login/verify | INFO: Tag[ route_check ] --START--
[ 2013-05-02T15:48:14+08:00 ] /admin.php/Login/verify | INFO: Run CheckRoute Behavior [ RunTime:0.000809s ]
[ 2013-05-02T15:48:14+08:00 ] /admin.php/Login/verify | INFO: Tag[ route_check ] --END-- [ RunTime:0.000979s ]
[ 2013-05-02T15:48:14+08:00 ] /admin.php/Login/verify | INFO: Tag[ app_begin ] --START--
[ 2013-05-02T15:48:14+08:00 ] /admin.php/Login/verify | INFO: Run ReadHtmlCache Behavior [ RunTime:0.000903s ]
[ 2013-05-02T15:48:14+08:00 ] /admin.php/Login/verify | INFO: Tag[ app_begin ] --END-- [ RunTime:0.001040s ]
[ 2013-05-02T15:48:15+08:00 ] /admin.php/Login/checkAccount | INFO: Tag[ route_check ] --START--
[ 2013-05-02T15:48:15+08:00 ] /admin.php/Login/checkAccount | INFO: Run CheckRoute Behavior [ RunTime:0.000829s ]
[ 2013-05-02T15:48:15+08:00 ] /admin.php/Login/checkAccount | INFO: Tag[ route_check ] --END-- [ RunTime:0.000985s ]
[ 2013-05-02T15:48:15+08:00 ] /admin.php/Login/checkAccount | INFO: Tag[ app_begin ] --START--
[ 2013-05-02T15:48:15+08:00 ] /admin.php/Login/checkAccount | INFO: Run ReadHtmlCache Behavior [ RunTime:0.000644s ]
[ 2013-05-02T15:48:15+08:00 ] /admin.php/Login/checkAccount | INFO: Tag[ app_begin ] --END-- [ RunTime:0.000792s ]
[ 2013-05-02T15:48:15+08:00 ] /admin.php/Login/checkAccount | NOTIC: [8] Undefined offset: 1 Action.class.php 第 233 行.
[ 2013-05-02T15:48:15+08:00 ] /admin.php/Login/checkAccount | SQL: SHOW COLUMNS FROM `hd_admin` [ RunTime:0.004924s ]
[ 2013-05-02T15:48:15+08:00 ] /admin.php/Login/checkAccount | SQL: SELECT COUNT(id) AS tp_count FROM `hd_admin` WHERE ( `account` = 'admin' ) LIMIT 1   [ RunTime:0.002230s ]
[ 2013-05-02T15:48:16+08:00 ] /admin.php/Login/checkPwd | INFO: Tag[ route_check ] --START--
[ 2013-05-02T15:48:16+08:00 ] /admin.php/Login/checkPwd | INFO: Run CheckRoute Behavior [ RunTime:0.000802s ]
[ 2013-05-02T15:48:16+08:00 ] /admin.php/Login/checkPwd | INFO: Tag[ route_check ] --END-- [ RunTime:0.000972s ]
[ 2013-05-02T15:48:16+08:00 ] /admin.php/Login/checkPwd | INFO: Tag[ app_begin ] --START--
[ 2013-05-02T15:48:16+08:00 ] /admin.php/Login/checkPwd | INFO: Run ReadHtmlCache Behavior [ RunTime:0.001018s ]
[ 2013-05-02T15:48:16+08:00 ] /admin.php/Login/checkPwd | INFO: Tag[ app_begin ] --END-- [ RunTime:0.001158s ]
[ 2013-05-02T15:48:16+08:00 ] /admin.php/Login/checkPwd | NOTIC: [8] Undefined offset: 1 Action.class.php 第 233 行.
[ 2013-05-02T15:48:16+08:00 ] /admin.php/Login/checkPwd | SQL: SHOW COLUMNS FROM `hd_admin` [ RunTime:0.001126s ]
[ 2013-05-02T15:48:16+08:00 ] /admin.php/Login/checkPwd | SQL: SELECT `password` FROM `hd_admin` WHERE ( `account` = 'admin' ) LIMIT 1   [ RunTime:0.000261s ]
[ 2013-05-02T15:48:20+08:00 ] /admin.php/Login/checkVerify | INFO: Tag[ route_check ] --START--
[ 2013-05-02T15:48:20+08:00 ] /admin.php/Login/checkVerify | INFO: Run CheckRoute Behavior [ RunTime:0.000831s ]
[ 2013-05-02T15:48:20+08:00 ] /admin.php/Login/checkVerify | INFO: Tag[ route_check ] --END-- [ RunTime:0.000990s ]
[ 2013-05-02T15:48:20+08:00 ] /admin.php/Login/checkVerify | INFO: Tag[ app_begin ] --START--
[ 2013-05-02T15:48:20+08:00 ] /admin.php/Login/checkVerify | INFO: Run ReadHtmlCache Behavior [ RunTime:0.000667s ]
[ 2013-05-02T15:48:20+08:00 ] /admin.php/Login/checkVerify | INFO: Tag[ app_begin ] --END-- [ RunTime:0.000830s ]
[ 2013-05-02T15:48:20+08:00 ] /admin.php | INFO: Tag[ app_begin ] --START--
[ 2013-05-02T15:48:20+08:00 ] /admin.php | INFO: Run ReadHtmlCache Behavior [ RunTime:0.000717s ]
[ 2013-05-02T15:48:20+08:00 ] /admin.php | INFO: Tag[ app_begin ] --END-- [ RunTime:0.000883s ]
[ 2013-05-02T15:48:20+08:00 ] /admin.php | INFO: Tag[ view_template ] --START--
[ 2013-05-02T15:48:20+08:00 ] /admin.php | INFO: Run LocationTemplate Behavior [ RunTime:0.000553s ]
[ 2013-05-02T15:48:20+08:00 ] /admin.php | INFO: Tag[ view_template ] --END-- [ RunTime:0.000689s ]
[ 2013-05-02T15:48:20+08:00 ] /admin.php | INFO: Tag[ view_parse ] --START--
[ 2013-05-02T15:48:20+08:00 ] /admin.php | INFO: Run ParseTemplate Behavior [ RunTime:0.013496s ]
[ 2013-05-02T15:48:20+08:00 ] /admin.php | INFO: Tag[ view_parse ] --END-- [ RunTime:0.013650s ]
[ 2013-05-02T15:48:20+08:00 ] /admin.php | INFO: Tag[ view_filter ] --START--
[ 2013-05-02T15:48:20+08:00 ] /admin.php | INFO: Run ContentReplace Behavior [ RunTime:0.000562s ]
[ 2013-05-02T15:48:20+08:00 ] /admin.php | INFO: Run TokenBuild Behavior [ RunTime:0.006821s ]
[ 2013-05-02T15:48:20+08:00 ] /admin.php | INFO: Run WriteHtmlCache Behavior [ RunTime:0.000394s ]
[ 2013-05-02T15:48:20+08:00 ] /admin.php | INFO: Run ShowRuntime Behavior [ RunTime:0.000692s ]
[ 2013-05-02T15:48:20+08:00 ] /admin.php | INFO: Tag[ view_filter ] --END-- [ RunTime:0.008904s ]
[ 2013-05-02T15:48:20+08:00 ] /admin.php | INFO: Tag[ view_end ] --START--
[ 2013-05-02T15:48:20+08:00 ] /admin.php | INFO: Run ShowPageTrace Behavior [ RunTime:0.000460s ]
[ 2013-05-02T15:48:20+08:00 ] /admin.php | INFO: Tag[ view_end ] --END-- [ RunTime:0.000591s ]
[ 2013-05-02T15:48:20+08:00 ] /admin.php/Index/copy | INFO: Tag[ route_check ] --START--
[ 2013-05-02T15:48:20+08:00 ] /admin.php/Index/copy | INFO: Run CheckRoute Behavior [ RunTime:0.001667s ]
[ 2013-05-02T15:48:20+08:00 ] /admin.php/Index/copy | INFO: Tag[ route_check ] --END-- [ RunTime:0.001861s ]
[ 2013-05-02T15:48:20+08:00 ] /admin.php/Index/copy | INFO: Tag[ app_begin ] --START--
[ 2013-05-02T15:48:20+08:00 ] /admin.php/Index/copy | INFO: Run ReadHtmlCache Behavior [ RunTime:0.000805s ]
[ 2013-05-02T15:48:20+08:00 ] /admin.php/Index/copy | INFO: Tag[ app_begin ] --END-- [ RunTime:0.000944s ]
[ 2013-05-02T15:48:24+08:00 ] /admin.php/Reward/level | INFO: Tag[ route_check ] --START--
[ 2013-05-02T15:48:24+08:00 ] /admin.php/Reward/level | INFO: Run CheckRoute Behavior [ RunTime:0.000834s ]
[ 2013-05-02T15:48:24+08:00 ] /admin.php/Reward/level | INFO: Tag[ route_check ] --END-- [ RunTime:0.000994s ]
[ 2013-05-02T15:48:24+08:00 ] /admin.php/Reward/level | INFO: Tag[ app_begin ] --START--
[ 2013-05-02T15:48:24+08:00 ] /admin.php/Reward/level | INFO: Run ReadHtmlCache Behavior [ RunTime:0.000850s ]
[ 2013-05-02T15:48:24+08:00 ] /admin.php/Reward/level | INFO: Tag[ app_begin ] --END-- [ RunTime:0.000998s ]
[ 2013-05-02T15:48:24+08:00 ] /admin.php/Reward/level | INFO: Tag[ view_template ] --START--
[ 2013-05-02T15:48:24+08:00 ] /admin.php/Reward/level | INFO: Run LocationTemplate Behavior [ RunTime:0.000949s ]
[ 2013-05-02T15:48:24+08:00 ] /admin.php/Reward/level | INFO: Tag[ view_template ] --END-- [ RunTime:0.001104s ]
[ 2013-05-02T15:48:24+08:00 ] /admin.php/Reward/level | INFO: Tag[ view_parse ] --START--
[ 2013-05-02T15:48:24+08:00 ] /admin.php/Reward/level | INFO: Run ParseTemplate Behavior [ RunTime:0.014543s ]
[ 2013-05-02T15:48:24+08:00 ] /admin.php/Reward/level | INFO: Tag[ view_parse ] --END-- [ RunTime:0.014694s ]
[ 2013-05-02T15:48:24+08:00 ] /admin.php/Reward/level | INFO: Tag[ view_filter ] --START--
[ 2013-05-02T15:48:24+08:00 ] /admin.php/Reward/level | INFO: Run ContentReplace Behavior [ RunTime:0.000480s ]
[ 2013-05-02T15:48:24+08:00 ] /admin.php/Reward/level | INFO: Run TokenBuild Behavior [ RunTime:0.000505s ]
[ 2013-05-02T15:48:24+08:00 ] /admin.php/Reward/level | INFO: Run WriteHtmlCache Behavior [ RunTime:0.000280s ]
[ 2013-05-02T15:48:24+08:00 ] /admin.php/Reward/level | INFO: Run ShowRuntime Behavior [ RunTime:0.000733s ]
[ 2013-05-02T15:48:24+08:00 ] /admin.php/Reward/level | INFO: Tag[ view_filter ] --END-- [ RunTime:0.002374s ]
[ 2013-05-02T15:48:24+08:00 ] /admin.php/Reward/level | INFO: Tag[ view_end ] --START--
[ 2013-05-02T15:48:24+08:00 ] /admin.php/Reward/level | INFO: Run ShowPageTrace Behavior [ RunTime:0.000503s ]
[ 2013-05-02T15:48:24+08:00 ] /admin.php/Reward/level | INFO: Tag[ view_end ] --END-- [ RunTime:0.000638s ]
